<?xml version="1.0" encoding="UTF-8"?>
<!-- Generated by org.testng.reporters.JUnitReportReporter -->
<testsuite hostname="DHI-VCHATTER1" failures="0" tests="14" name="UserCreationWithallRole" time="72.772" errors="0" timestamp="2025-01-21T14:17:36 IST" skipped="0">
  <testcase classname="UserCreationWithallRole" name="UserActivation" time="6.737"/>
  <testcase classname="UserCreationWithallRole" name="UserActivation" time="3.217"/>
  <testcase classname="UserCreationWithallRole" name="UserActivation" time="3.263"/>
  <testcase classname="UserCreationWithallRole" name="UserActivation" time="3.118"/>
  <testcase classname="UserCreationWithallRole" name="UserActivation" time="4.448"/>
  <testcase classname="UserCreationWithallRole" name="UserActivation" time="3.398"/>
  <testcase classname="UserCreationWithallRole" name="UserActivation" time="3.241"/>
  <testcase classname="UserCreationWithallRole" name="UserActivation" time="3.416"/>
  <testcase classname="UserCreationWithallRole" name="UserActivation" time="6.346"/>
  <testcase classname="UserCreationWithallRole" name="UserActivation" time="3.198"/>
  <testcase classname="UserCreationWithallRole" name="UserActivation" time="3.053"/>
  <testcase classname="UserCreationWithallRole" name="UserActivation" time="3.132"/>
  <testcase classname="UserCreationWithallRole" name="UserActivation" time="22.937"/>
  <testcase classname="UserCreationWithallRole" name="UserActivation" time="3.268"/>
</testsuite> <!-- UserCreationWithallRole -->
