<?xml version="1.0" encoding="UTF-8"?>
<!-- Generated by org.testng.reporters.JUnitReportReporter -->
<testsuite hostname="DHI-VCHATTER1" failures="0" tests="5" name="UserCreation" time="15.935" errors="0" timestamp="2024-12-18T13:31:11 IST" skipped="0">
  <testcase classname="UserCreation" name="UserActivation" time="2.819"/>
  <testcase classname="UserCreation" name="UserActivation" time="2.807"/>
  <testcase classname="UserCreation" name="UserActivation" time="2.785"/>
  <testcase classname="UserCreation" name="UserActivation" time="2.872"/>
  <testcase classname="UserCreation" name="UserActivation" time="4.652"/>
</testsuite> <!-- UserCreation -->
