<?xml version="1.0" encoding="UTF-8"?>
<!-- Generated by org.testng.reporters.JUnitReportReporter -->
<testsuite hostname="DHI-VCHATTER1" failures="0" tests="1" name="SumofValidation" time="1.053" errors="0" timestamp="2024-11-28T17:40:25 IST" skipped="0">
  <testcase classname="SumofValidation" name="sumOfCourse" time="1.053"/>
</testsuite> <!-- SumofValidation -->
