<?xml version="1.0" encoding="UTF-8"?>
<!-- Generated by org.testng.reporters.JUnitReportReporter -->
<testsuite hostname="DHI-VCHATTER1" failures="0" tests="3" name="AddLibrary" time="2.081" errors="0" timestamp="2024-11-30T13:07:39 IST" skipped="0">
  <testcase classname="AddLibrary" name="addBook" time="0.148"/>
  <testcase classname="AddLibrary" name="addBook" time="1.796"/>
  <testcase classname="AddLibrary" name="addBook" time="0.137"/>
</testsuite> <!-- AddLibrary -->
